<?xml version="1.0" encoding="UTF-8"?>
<!-- Generated by org.testng.reporters.JUnitReportReporter -->
<testsuite hostname="DESKTOP-O3CNH6A" failures="0" tests="1" name="com.orm.test.cases.TestCase1" time="16.284" errors="0" timestamp="2023-03-02T20:12:59 IST" skipped="0">
  <testcase classname="com.orm.test.cases.TestCase1" name="LoginFun" time="16.284"/>
  <system-out/>
</testsuite> <!-- com.orm.test.cases.TestCase1 -->
